Arguments: 
  C:\Program Files\nodejs\node.exe C:\Users\najim\AppData\Roaming\npm\node_modules\yarn\bin\yarn.js add weraha

PATH: 
  C:\cmder\vendor\conemu-maximus5\ConEmu\Scripts;C:\cmder\vendor\conemu-maximus5;C:\cmder\vendor\conemu-maximus5\ConEmu;C:\Windows\system32;C:\Windows;C:\Windows\System32\Wbem;C:\Windows\System32\WindowsPowerShell\v1.0\;C:\Windows\System32\OpenSSH\;C:\Program Files\Git\cmd;C:\ProgramData\ComposerSetup\bin;C:\Program Files (x86)\Intel\Intel(R) Management Engine Components\DAL;C:\Program Files\Intel\Intel(R) Management Engine Components\DAL;C:\wamp\bin\mysql\mysql5.7.36\bin;C:\wamp\bin\php\php7.3.33_;C:\wamp\bin\php\php8.0.13;C:\Program Files\nodejs\;C:\Users\najim\scoop\shims;C:\Users\najim\AppData\Local\Microsoft\WindowsApps;C:\Users\najim\AppData\Local\Programs\Microsoft VS Code\bin;C:\Users\najim\AppData\Roaming\Composer\vendor\bin;C:\wamp\bin\mysql\mysql5.7.36\bin;C:\Users\najim\AppData\Local\GitHubDesktop\bin;C:\wamp\bin\php\php7.3.33_;C:\wamp\bin\php\php8.0.13;C:\Users\najim\AppData\Roaming\npm;C:\Program Files\Git\mingw64\bin;C:\Program Files\Git\usr\bin;C:\cmder\vendor\bin;C:\cmder

Yarn version: 
  1.22.19

Node version: 
  16.15.1

Platform: 
  win32 x64

Trace: 
  Error: https://registry.yarnpkg.com/weraha: Not found
      at Request.params.callback [as _callback] (C:\Users\najim\AppData\Roaming\npm\node_modules\yarn\lib\cli.js:66145:18)
      at Request.self.callback (C:\Users\najim\AppData\Roaming\npm\node_modules\yarn\lib\cli.js:140890:22)
      at Request.emit (node:events:527:28)
      at Request.<anonymous> (C:\Users\najim\AppData\Roaming\npm\node_modules\yarn\lib\cli.js:141862:10)
      at Request.emit (node:events:527:28)
      at IncomingMessage.<anonymous> (C:\Users\najim\AppData\Roaming\npm\node_modules\yarn\lib\cli.js:141784:12)
      at Object.onceWrapper (node:events:641:28)
      at IncomingMessage.emit (node:events:539:35)
      at endReadableNT (node:internal/streams/readable:1345:12)
      at processTicksAndRejections (node:internal/process/task_queues:83:21)

npm manifest: 
  No manifest

yarn manifest: 
  No manifest

Lockfile: 
  # THIS IS AN AUTOGENERATED FILE. DO NOT EDIT THIS FILE DIRECTLY.
  # yarn lockfile v1
